INFO      2019-04-24 10:52:45 amclient.py:215  Closed ingest bddbc922-cbbb-4ec5-8639-8ba6ef2031a8.
INFO      2019-04-24 10:52:45 amclient.py:215  Closed ingest bed2c6cf-034c-4893-b3b4-1227e0f7d811.
INFO      2019-04-24 10:52:45 amclient.py:215  Closed ingest bfa836d6-59f1-40fa-ad4a-db7916c73c8c.
INFO      2019-04-24 10:52:45 amclient.py:215  Closed ingest bfb95b58-b733-43cb-b9a9-79082d5b6749.
INFO      2019-04-24 10:52:45 amclient.py:215  Closed ingest c06c8566-46c8-4586-82a4-fd425769b86d.
INFO      2019-04-24 10:52:45 amclient.py:215  Closed ingest c0f5f16a-ba96-436d-853a-d3eec08addea.
INFO      2019-04-24 10:52:45 amclient.py:215  Closed ingest c1a28efb-8f3c-4e0c-b682-a1525ffa1c71.
INFO      2019-04-24 10:52:45 amclient.py:215  Closed ingest c374887b-4b93-4462-962e-1b1c1881a7f6.
INFO      2019-04-24 10:52:45 amclient.py:215  Closed ingest c419340c-7069-474b-bea7-852f03776d5e.
INFO      2019-04-24 10:52:45 amclient.py:215  Closed ingest c48aa5fe-2f46-4b9b-b255-681908f0437a.
INFO      2019-04-24 10:52:45 amclient.py:215  Closed ingest c492f406-a93d-41bb-8378-1f71babe5a74.
INFO      2019-04-24 10:52:45 amclient.py:215  Closed ingest c640e9d0-eeaa-491e-84fe-371aa631402a.
INFO      2019-04-24 10:52:45 amclient.py:215  Closed ingest c67d8a7a-f3e7-495e-aab3-b340750e1359.
INFO      2019-04-24 10:52:45 amclient.py:215  Closed ingest c68fc1db-4e5b-447c-bd34-6071f18d2a9f.
INFO      2019-04-24 10:52:45 amclient.py:215  Closed ingest c6b64dcd-5270-41e6-bcd7-59f3760adb55.
INFO      2019-04-24 10:52:45 amclient.py:215  Closed ingest c7ade8a9-cb59-4e1e-a58d-d18b398a5750.
INFO      2019-04-24 10:52:45 amclient.py:215  Closed ingest c9e59ff1-2cb3-443e-9732-51a25036b71c.
INFO      2019-04-24 10:52:46 amclient.py:215  Closed ingest ca3690f0-ae26-4956-b49f-b2472288ffe4.
INFO      2019-04-24 10:52:46 amclient.py:215  Closed ingest ca54a0db-b9e4-477b-b3fe-dbdc662ee11d.
INFO      2019-04-24 10:52:46 amclient.py:215  Closed ingest caf3c08b-7827-4bf5-87b2-2e04b4b1d00c.
INFO      2019-04-24 10:52:46 amclient.py:215  Closed ingest cc240843-afb0-445e-b054-8812e9127f3d.
INFO      2019-04-24 10:52:46 amclient.py:215  Closed ingest ccb991fa-71ac-43aa-b836-8975102e3e90.
INFO      2019-04-24 10:52:46 amclient.py:215  Closed ingest cd91d793-923f-4663-af19-cf4ed8f5a7d1.
INFO      2019-04-24 10:52:46 amclient.py:215  Closed ingest cf357329-aa62-46de-9af3-f11117f87fd1.
INFO      2019-04-24 10:52:46 amclient.py:215  Closed ingest cf6d50ef-80c7-426c-a148-5753b7abc191.
INFO      2019-04-24 10:52:46 amclient.py:215  Closed ingest cf8a8970-e638-4c32-a275-b5ad333a40b0.
INFO      2019-04-24 10:52:46 amclient.py:215  Closed ingest cfb79f9d-d5c9-4a7d-b0a4-9c54a2a7ca3f.
INFO      2019-04-24 10:52:46 amclient.py:215  Closed ingest d0968dbc-6c20-4a92-9a23-d85a46860186.
INFO      2019-04-24 10:52:46 amclient.py:215  Closed ingest d0bf6f6e-e241-482d-a99a-910d11866253.
INFO      2019-04-24 10:52:46 amclient.py:215  Closed ingest d0c78a6d-cb0f-4a18-b159-9a581b494bf9.
INFO      2019-04-24 10:52:46 amclient.py:215  Closed ingest d0d2cb42-dba2-4abd-8275-4f09658d9181.
INFO      2019-04-24 10:52:46 amclient.py:215  Closed ingest d1bdb60a-7842-4d81-a342-194657b3edb6.
INFO      2019-04-24 10:52:46 amclient.py:215  Closed ingest d2957e66-196b-48c1-85ac-e3e7401cd325.
INFO      2019-04-24 10:52:46 amclient.py:215  Closed ingest d324d60f-4dfd-4964-8553-3569e2765710.
INFO      2019-04-24 10:52:46 amclient.py:215  Closed ingest d4b4860c-bfbc-462e-9901-7d8e685349ad.
INFO      2019-04-24 10:52:46 amclient.py:215  Closed ingest d4d9c72a-ebe9-4652-bf10-0117862fd4ef.
INFO      2019-04-24 10:52:46 amclient.py:215  Closed ingest d55ae9c5-6109-4716-a14c-142964c1748b.
INFO      2019-04-24 10:52:46 amclient.py:215  Closed ingest d5f0995d-f9a4-458f-a146-f6b31c6d38f6.
INFO      2019-04-24 10:52:46 amclient.py:215  Closed ingest d636432c-d1cc-4d35-a831-19ab79e6c5a1.
INFO      2019-04-24 10:52:46 amclient.py:215  Closed ingest d6681988-81a3-4eab-8d06-b72e1544f673.
INFO      2019-04-24 10:52:46 amclient.py:215  Closed ingest d6ee38c6-d4d2-424c-92c6-abbff74d2ab8.
INFO      2019-04-24 10:52:46 amclient.py:215  Closed ingest d76e5edc-1554-4a3e-9aa1-7af239dccfee.
INFO      2019-04-24 10:52:46 amclient.py:215  Closed ingest d800610e-1d0c-4ec5-b3dc-a91dac734898.
INFO      2019-04-24 10:52:46 amclient.py:215  Closed ingest d98fe95a-ac9a-40d5-aabb-1f07d6ba209d.
INFO      2019-04-24 10:52:46 amclient.py:215  Closed ingest dc2c37af-13ba-4a50-bd28-c62c5ce9b7d2.
INFO      2019-04-24 10:52:46 amclient.py:215  Closed ingest dc3e2193-2dba-4d6e-9e6f-96fe8f78b3b2.
INFO      2019-04-24 10:52:46 amclient.py:215  Closed ingest dc43cd96-7db1-4bac-9da3-087a8f5ea28d.
INFO      2019-04-24 10:52:46 amclient.py:215  Closed ingest dd11caf7-932e-4621-8520-c6f344e81c31.
INFO      2019-04-24 10:52:46 amclient.py:215  Closed ingest dd414ba0-e20e-4efd-80d4-af75328bcf89.
INFO      2019-04-24 10:52:46 amclient.py:215  Closed ingest ddf8e007-3c2e-4ee7-b9ef-efa55490cfd5.
INFO      2019-04-24 10:52:46 amclient.py:215  Closed ingest de3b9e62-ba96-4fe3-a3e2-c2c43729c2f5.
INFO      2019-04-24 10:52:46 amclient.py:215  Closed ingest deb0becb-cf8d-49ae-b67a-4e18f1851f99.
INFO      2019-04-24 10:52:46 amclient.py:215  Closed ingest df3a8e12-a6e6-41f9-af5e-9808300bd6f3.
INFO      2019-04-24 10:52:46 amclient.py:215  Closed ingest e15b539a-e500-45e6-98bf-68f6b5021e48.
INFO      2019-04-24 10:52:46 amclient.py:215  Closed ingest e34c9e3c-16ba-43b2-a97e-7c3ae20c8b90.
INFO      2019-04-24 10:52:46 amclient.py:215  Closed ingest e3c2e48d-e936-41c0-a513-bd458f0ed9b4.
INFO      2019-04-24 10:52:46 amclient.py:215  Closed ingest e4f5f8aa-c917-49c1-9911-d46b0a61231d.
INFO      2019-04-24 10:52:46 amclient.py:215  Closed ingest e74a28e4-03c7-482c-b378-96694b8a0c81.
INFO      2019-04-24 10:52:46 amclient.py:215  Closed ingest e7de70b1-bf83-41d0-9424-0f89e3cf2454.
INFO      2019-04-24 10:52:46 amclient.py:215  Closed ingest e800e45b-fafa-4bcb-b44f-c2f99004c977.
INFO      2019-04-24 10:52:46 amclient.py:215  Closed ingest e825f84d-f851-419a-98aa-415351a4b104.
INFO      2019-04-24 10:52:46 amclient.py:215  Closed ingest e857a3e7-7130-42bc-b2c4-655655a620db.
INFO      2019-04-24 10:52:46 amclient.py:215  Closed ingest e91d3a80-c161-4fb9-b4a4-538a1031b9c5.
INFO      2019-04-24 10:52:46 amclient.py:215  Closed ingest e9c28562-4936-4213-a4ca-d139f6e8acf5.
INFO      2019-04-24 10:52:46 amclient.py:215  Closed ingest eb4d5fea-34aa-4ae6-8a17-94e6a0be201d.
INFO      2019-04-24 10:52:46 amclient.py:215  Closed ingest eb595d75-708d-40c7-b2e8-f1f74d01c129.
INFO      2019-04-24 10:52:46 amclient.py:215  Closed ingest ebc43ccb-c60a-4442-aa20-2eafcd6772c2.
INFO      2019-04-24 10:52:46 amclient.py:215  Closed ingest ec329798-ca09-4749-af07-7aabeb18a140.
INFO      2019-04-24 10:52:46 amclient.py:215  Closed ingest ec584018-7ecc-456c-acf8-e33a5477ff5e.
INFO      2019-04-24 10:52:46 amclient.py:215  Closed ingest ecd87ee2-84d8-49d7-80a8-e2e128b17119.
INFO      2019-04-24 10:52:46 amclient.py:215  Closed ingest ed297f49-24b2-444d-906d-33390ac86204.
INFO      2019-04-24 10:52:46 amclient.py:215  Closed ingest ed4676c7-b01c-4d69-9294-657c3b4fb703.
INFO      2019-04-24 10:52:46 amclient.py:215  Closed ingest ee78dc37-39e9-47b8-a2b9-fc206b518eaa.
INFO      2019-04-24 10:52:46 amclient.py:215  Closed ingest ef6a90b6-9044-45e5-86be-605d5ea62545.
INFO      2019-04-24 10:52:46 amclient.py:215  Closed ingest ef73b694-94ca-4b2c-bafa-333ab9c2ee3e.
INFO      2019-04-24 10:52:47 amclient.py:215  Closed ingest ef7e4c4c-c6dd-41ec-bea1-14f433c926be.
INFO      2019-04-24 10:52:47 amclient.py:215  Closed ingest f16e955e-60ea-4fc7-b1ce-f1b1290b4c49.
INFO      2019-04-24 10:52:47 amclient.py:215  Closed ingest f380c109-60ce-4cbf-84a5-5e35b71d72f8.
INFO      2019-04-24 10:52:47 amclient.py:215  Closed ingest f397701f-0e95-4444-9ca2-6a43ea5dc172.
INFO      2019-04-24 10:52:47 amclient.py:215  Closed ingest f42e9e47-6081-4da1-befc-d0801b7316ba.
INFO      2019-04-24 10:52:47 amclient.py:215  Closed ingest f56b7263-d26a-4ba2-a5e6-759b3529659c.
INFO      2019-04-24 10:52:47 amclient.py:215  Closed ingest f6036c60-e868-44d5-999d-f8aa29a3dfdb.
INFO      2019-04-24 10:52:47 amclient.py:215  Closed ingest f69c61e4-3059-4229-8914-36e160e1fc20.
INFO      2019-04-24 10:52:47 amclient.py:215  Closed ingest f756fba7-46fd-4659-8653-223c53a1c947.
INFO      2019-04-24 10:52:47 amclient.py:215  Closed ingest f7d23598-a157-43b0-b213-df6a0ee780be.
INFO      2019-04-24 10:52:47 amclient.py:215  Closed ingest f82df766-eed5-4bca-841a-60724a6ddbd4.
INFO      2019-04-24 10:52:47 amclient.py:215  Closed ingest f84eb003-18e2-4bde-99a8-e98321b65464.
INFO      2019-04-24 10:52:47 amclient.py:215  Closed ingest f879c089-251e-4c1e-9c60-16da24028564.
INFO      2019-04-24 10:52:47 amclient.py:215  Closed ingest f8b83f12-0e71-4509-868a-aeca06225812.
INFO      2019-04-24 10:52:47 amclient.py:215  Closed ingest f94d4685-4d2c-455b-900d-1a2411112047.
INFO      2019-04-24 10:52:47 amclient.py:215  Closed ingest f97dca1d-f247-412e-a761-081f07bcc116.
INFO      2019-04-24 10:52:47 amclient.py:215  Closed ingest fa806a61-a283-4ff7-b749-67192dd65446.
INFO      2019-04-24 10:52:47 amclient.py:215  Closed ingest fa9dcfec-fc61-4dfa-b859-2f35e1177c3b.
INFO      2019-04-24 10:52:47 amclient.py:215  Closed ingest fcc3ef84-d21b-4696-8546-38e5d9203ac1.
INFO      2019-04-24 10:52:47 amclient.py:215  Closed ingest fce690bf-6728-4392-8603-a0c6cde35a6f.
INFO      2019-04-24 10:52:47 amclient.py:215  Closed ingest fdef66b4-b2f8-4826-aba4-8e9f79903034.
INFO      2019-04-24 10:52:47 amclient.py:215  Closed ingest ff8892f7-9166-4e31-8345-428dbcbb00ea.
INFO      2019-04-24 10:52:47 amclient.py:215  Closed ingest ffb31813-6a7e-4e02-8362-6eaa15f281c4.
